<?xml version="1.0" encoding="UTF-8"?>
<testsuite name="com.example.ApplicationTest" tests="1" skipped="0" failures="0" errors="0" timestamp="2023-10-07T17:05:21" hostname="DESKTOP-7U97PQJ" time="2.338">
  <properties/>
  <testcase name="testRoot" classname="com.example.ApplicationTest" time="2.338"/>
  <system-out><![CDATA[2023-10-07 18:05:22.079 [Test worker @coroutine#1] TRACE i.ktor.client.plugins.HttpPlainText - Adding Accept-Charset=UTF-8 to http:///
2023-10-07 18:05:22.221 [DefaultDispatcher-worker-1 @call-context#2] INFO  ktor.test - No ktor.deployment.watch patterns specified, automatic reload is not active.
2023-10-07 18:05:22.298 [DefaultDispatcher-worker-1 @call-context#2] INFO  ktor.test - Application started in 0.109 seconds.
2023-10-07 18:05:22.408 [DefaultDispatcher-worker-1 @request#2] TRACE io.ktor.routing.Routing - Trace for []
/, segment:0 -> SUCCESS @ /
  /, segment:0 -> SUCCESS @ /
    /(method:GET), segment:0 -> SUCCESS @ /(method:GET)
Matched routes:
  "" -> "<slash>" -> "(method:GET)"
Route resolve result:
  SUCCESS @ /(method:GET)
2023-10-07 18:05:22.499 [Test worker @coroutine#1] TRACE i.k.client.plugins.HttpCallValidator - Validating response for request http://localhost/
2023-10-07 18:05:22.500 [Test worker @coroutine#1] TRACE i.k.c.p.DefaultResponseValidation - Skipping default response validation for http://localhost/
2023-10-07 18:05:23.444 [Test worker @coroutine#1] TRACE i.k.c.plugins.defaultTransformers - Transformed with default transformers response body for http://localhost/ to class io.ktor.utils.io.core.ByteReadPacket
]]></system-out>
  <system-err><![CDATA[]]></system-err>
</testsuite>
